[2025-09-23T16:32:31.079Z] Error creating ticket: ValidationError: Customer validation failed: contactNumber: Path `contactNumber` is required.
    at Document.invalidate (C:\Users\jayr8\Desktop\ticket_backend\node_modules\mongoose\lib\document.js:3358:32)
    at C:\Users\jayr8\Desktop\ticket_backend\node_modules\mongoose\lib\document.js:3119:17
    at C:\Users\jayr8\Desktop\ticket_backend\node_modules\mongoose\lib\schemaType.js:1416:9
    at process.processTicksAndRejections (node:internal/process/task_queues:85:11)
[2025-09-23T16:32:42.235Z] Error creating ticket: ValidationError: Customer validation failed: contactNumber: Path `contactNumber` is required.
    at Document.invalidate (C:\Users\jayr8\Desktop\ticket_backend\node_modules\mongoose\lib\document.js:3358:32)
    at C:\Users\jayr8\Desktop\ticket_backend\node_modules\mongoose\lib\document.js:3119:17
    at C:\Users\jayr8\Desktop\ticket_backend\node_modules\mongoose\lib\schemaType.js:1416:9
    at process.processTicksAndRejections (node:internal/process/task_queues:85:11)
[2025-09-23T16:32:51.938Z] Error creating ticket: ValidationError: Customer validation failed: contactNumber: Path `contactNumber` is required.
    at Document.invalidate (C:\Users\jayr8\Desktop\ticket_backend\node_modules\mongoose\lib\document.js:3358:32)
    at C:\Users\jayr8\Desktop\ticket_backend\node_modules\mongoose\lib\document.js:3119:17
    at C:\Users\jayr8\Desktop\ticket_backend\node_modules\mongoose\lib\schemaType.js:1416:9
    at process.processTicksAndRejections (node:internal/process/task_queues:85:11)
[2025-09-23T16:33:00.102Z] Error creating ticket: ValidationError: Customer validation failed: contactNumber: Path `contactNumber` is required.
    at Document.invalidate (C:\Users\jayr8\Desktop\ticket_backend\node_modules\mongoose\lib\document.js:3358:32)
    at C:\Users\jayr8\Desktop\ticket_backend\node_modules\mongoose\lib\document.js:3119:17
    at C:\Users\jayr8\Desktop\ticket_backend\node_modules\mongoose\lib\schemaType.js:1416:9
    at process.processTicksAndRejections (node:internal/process/task_queues:85:11)
[2025-09-23T16:33:11.723Z] Error creating ticket: ValidationError: Customer validation failed: contactNumber: Path `contactNumber` is required.
    at Document.invalidate (C:\Users\jayr8\Desktop\ticket_backend\node_modules\mongoose\lib\document.js:3358:32)
    at C:\Users\jayr8\Desktop\ticket_backend\node_modules\mongoose\lib\document.js:3119:17
    at C:\Users\jayr8\Desktop\ticket_backend\node_modules\mongoose\lib\schemaType.js:1416:9
    at process.processTicksAndRejections (node:internal/process/task_queues:85:11)
[2025-09-23T16:34:51.117Z] Error creating ticket: ValidationError: Customer validation failed: contactNumber: Path `contactNumber` is required.
    at Document.invalidate (C:\Users\jayr8\Desktop\ticket_backend\node_modules\mongoose\lib\document.js:3358:32)
    at C:\Users\jayr8\Desktop\ticket_backend\node_modules\mongoose\lib\document.js:3119:17
    at C:\Users\jayr8\Desktop\ticket_backend\node_modules\mongoose\lib\schemaType.js:1416:9
    at process.processTicksAndRejections (node:internal/process/task_queues:85:11)
[2025-09-23T23:47:15.700Z] Error creating ticket: ValidationError: Ticket validation failed: unit: Path `unit` is required., problem: Path `problem` is required.
    at Document.invalidate (C:\Users\jayr8\Desktop\ticket_backend\node_modules\mongoose\lib\document.js:3358:32)
    at C:\Users\jayr8\Desktop\ticket_backend\node_modules\mongoose\lib\document.js:3119:17
    at C:\Users\jayr8\Desktop\ticket_backend\node_modules\mongoose\lib\schemaType.js:1416:9
    at process.processTicksAndRejections (node:internal/process/task_queues:85:11)
[2025-09-23T23:59:25.933Z] MongoDB connection error: MongooseServerSelectionError: connect ECONNREFUSED 127.0.0.1:27017
    at _handleConnectionErrors (C:\Users\jayr8\Desktop\ticket_backend\node_modules\mongoose\lib\connection.js:1165:11)
    at NativeConnection.openUri (C:\Users\jayr8\Desktop\ticket_backend\node_modules\mongoose\lib\connection.js:1096:11)
[2025-09-24T00:03:25.543Z] Error creating ticket: ValidationError: Customer validation failed: firstName: Path `firstName` is required., lastName: Path `lastName` is required., contactNumber: Path `contactNumber` is required.
    at Document.invalidate (C:\Users\jayr8\Desktop\ticket_backend\node_modules\mongoose\lib\document.js:3358:32)
    at C:\Users\jayr8\Desktop\ticket_backend\node_modules\mongoose\lib\document.js:3119:17
    at C:\Users\jayr8\Desktop\ticket_backend\node_modules\mongoose\lib\schemaType.js:1416:9
    at process.processTicksAndRejections (node:internal/process/task_queues:85:11)
[2025-09-24T00:13:46.546Z] Error creating ticket: ValidationError: Ticket validation failed: unit: Path `unit` is required., problem: Path `problem` is required.
    at Document.invalidate (C:\Users\jayr8\Desktop\ticket_backend\node_modules\mongoose\lib\document.js:3358:32)
    at C:\Users\jayr8\Desktop\ticket_backend\node_modules\mongoose\lib\document.js:3119:17
    at C:\Users\jayr8\Desktop\ticket_backend\node_modules\mongoose\lib\schemaType.js:1416:9
    at process.processTicksAndRejections (node:internal/process/task_queues:85:11)
[2025-09-30T16:25:15.710Z] MongoDB connection error: MongooseError: The `uri` parameter to `openUri()` must be a string, got "undefined". Make sure the first parameter to `mongoose.connect()` or `mongoose.createConnection()` is a string.
    at NativeConnection.createClient (C:\Users\jayr8\Desktop\Technician APP\ticket_backend\node_modules\mongoose\lib\drivers\node-mongodb-native\connection.js:237:11)
    at NativeConnection.openUri (C:\Users\jayr8\Desktop\Technician APP\ticket_backend\node_modules\mongoose\lib\connection.js:1071:34)
    at Mongoose.connect (C:\Users\jayr8\Desktop\Technician APP\ticket_backend\node_modules\mongoose\lib\mongoose.js:450:15)
    at Object.<anonymous> (C:\Users\jayr8\Desktop\Technician APP\ticket_backend\server.js:41:4)
    at Module._compile (node:internal/modules/cjs/loader:1706:14)
    at Object..js (node:internal/modules/cjs/loader:1839:10)
    at Module.load (node:internal/modules/cjs/loader:1441:32)
    at Function._load (node:internal/modules/cjs/loader:1263:12)
    at TracingChannel.traceSync (node:diagnostics_channel:322:14)
    at wrapModuleLoad (node:internal/modules/cjs/loader:237:24)
[2025-09-30T16:25:27.423Z] MongoDB connection error: MongooseError: The `uri` parameter to `openUri()` must be a string, got "undefined". Make sure the first parameter to `mongoose.connect()` or `mongoose.createConnection()` is a string.
    at NativeConnection.createClient (C:\Users\jayr8\Desktop\Technician APP\ticket_backend\node_modules\mongoose\lib\drivers\node-mongodb-native\connection.js:237:11)
    at NativeConnection.openUri (C:\Users\jayr8\Desktop\Technician APP\ticket_backend\node_modules\mongoose\lib\connection.js:1071:34)
    at Mongoose.connect (C:\Users\jayr8\Desktop\Technician APP\ticket_backend\node_modules\mongoose\lib\mongoose.js:450:15)
    at Object.<anonymous> (C:\Users\jayr8\Desktop\Technician APP\ticket_backend\server.js:41:4)
    at Module._compile (node:internal/modules/cjs/loader:1706:14)
    at Object..js (node:internal/modules/cjs/loader:1839:10)
    at Module.load (node:internal/modules/cjs/loader:1441:32)
    at Function._load (node:internal/modules/cjs/loader:1263:12)
    at TracingChannel.traceSync (node:diagnostics_channel:322:14)
    at wrapModuleLoad (node:internal/modules/cjs/loader:237:24)
